<?xml version='1.0' encoding='UTF-8' ?>
<testsuite name="net.yasik.sampleuitest.ExampleInstrumentedTest" tests="3" failures="0" errors="0" skipped="0" time="12.857" timestamp="2025-12-08T13:08:52" hostname="localhost">
    <properties>
        <property name="device" value="CPH2001 - 11" />
        <property name="flavor" value="" />
        <property name="project" value=":app" />
    </properties>
    <testcase name="checkButtonClickAdd" classname="net.yasik.sampleuitest.ExampleInstrumentedTest" time="1.438" />
    <testcase name="checkButtonClickSubtract" classname="net.yasik.sampleuitest.ExampleInstrumentedTest" time="2.06" >
        <failure>androidx.test.espresso.base.DefaultFailureHandler$AssertionFailedWithCauseError: 'with text: is "21"' doesn't match the selected view.
            Expected: with text: is "21"
            Got: "MaterialTextView{id=2131231080, res-name=result, visibility=VISIBLE, width=1080, height=200, has-focus=false, has-focusable=false, has-window-focus=true, is-clickable=false, is-enabled=true, is-focused=false, is-focusable=false, is-layout-requested=false, is-selected=false, layout-params=android.widget.LinearLayout$LayoutParams&#64;144e2a5, tag=null, root-is-layout-requested=false, has-input-connection=false, x=0.0, y=150.0, text=12, input-type=0, ime-target=false, has-links=false}"

            at dalvik.system.VMStack.getThreadStackTrace(Native Method)
            at java.lang.Thread.getStackTrace(Thread.java:1736)
            at androidx.test.espresso.base.DefaultFailureHandler.getUserFriendlyError(DefaultFailureHandler.java:16)
            at androidx.test.espresso.base.DefaultFailureHandler.handle(DefaultFailureHandler.java:36)
            at androidx.test.espresso.ViewInteraction.waitForAndHandleInteractionResults(ViewInteraction.java:103)
            at androidx.test.espresso.ViewInteraction.check(ViewInteraction.java:31)
            at net.yasik.sampleuitest.ExampleInstrumentedTest.checkButtonClickFailed(ExampleInstrumentedTest.kt:36)
            at java.lang.reflect.Method.invoke(Native Method)
            at org.junit.runners.model.FrameworkMethod$1.runReflectiveCall(FrameworkMethod.java:50)
            at org.junit.internal.runners.model.ReflectiveCallable.run(ReflectiveCallable.java:12)
            at org.junit.runners.model.FrameworkMethod.invokeExplosively(FrameworkMethod.java:47)
            at org.junit.internal.runners.statements.InvokeMethod.evaluate(InvokeMethod.java:17)
            at org.junit.rules.ExternalResource$1.evaluate(ExternalResource.java:48)
            at org.junit.rules.RunRules.evaluate(RunRules.java:20)
            at org.junit.runners.ParentRunner.runLeaf(ParentRunner.java:325)
            at org.junit.runners.BlockJUnit4ClassRunner.runChild(BlockJUnit4ClassRunner.java:78)
            at org.junit.runners.BlockJUnit4ClassRunner.runChild(BlockJUnit4ClassRunner.java:57)
            at org.junit.runners.ParentRunner$3.run(ParentRunner.java:290)
            at org.junit.runners.ParentRunner$1.schedule(ParentRunner.java:71)
            at org.junit.runners.ParentRunner.runChildren(ParentRunner.java:288)
            at org.junit.runners.ParentRunner.access$000(ParentRunner.java:58)
            at org.junit.runners.ParentRunner$2.evaluate(ParentRunner.java:268)
            at org.junit.runners.ParentRunner.run(ParentRunner.java:363)
            at androidx.test.ext.junit.runners.AndroidJUnit4.run(AndroidJUnit4.java:154)
            at org.junit.runners.Suite.runChild(Suite.java:128)
            at org.junit.runners.Suite.runChild(Suite.java:27)
            at org.junit.runners.ParentRunner$3.run(ParentRunner.java:290)
            at org.junit.runners.ParentRunner$1.schedule(ParentRunner.java:71)
            at org.junit.runners.ParentRunner.runChildren(ParentRunner.java:288)
            at org.junit.runners.ParentRunner.access$000(ParentRunner.java:58)
            at org.junit.runners.ParentRunner$2.evaluate(ParentRunner.java:268)
            at org.junit.runners.ParentRunner.run(ParentRunner.java:363)
            at org.junit.runner.JUnitCore.run(JUnitCore.java:137)
            at org.junit.runner.JUnitCore.run(JUnitCore.java:115)
            at androidx.test.internal.runner.TestExecutor.execute(TestExecutor.java:56)
            at androidx.test.runner.AndroidJUnitRunner.onStart(AndroidJUnitRunner.java:395)
            at android.app.Instrumentation$InstrumentationThread.run(Instrumentation.java:2212)
            Caused by: junit.framework.AssertionFailedError: 'with text: is "21"' doesn't match the selected view.
            Expected: with text: is "21"
            Got: "MaterialTextView{id=2131231080, res-name=result, visibility=VISIBLE, width=1080, height=200, has-focus=false, has-focusable=false, has-window-focus=true, is-clickable=false, is-enabled=true, is-focused=false, is-focusable=false, is-layout-requested=false, is-selected=false, layout-params=android.widget.LinearLayout$LayoutParams&#64;144e2a5, tag=null, root-is-layout-requested=false, has-input-connection=false, x=0.0, y=150.0, text=12, input-type=0, ime-target=false, has-links=false}"

            at androidx.test.espresso.matcher.ViewMatchers.assertThat(ViewMatchers.java:17)
            at androidx.test.espresso.assertion.ViewAssertions$MatchesViewAssertion.check(ViewAssertions.java:15)
            at androidx.test.espresso.ViewInteraction$SingleExecutionViewAssertion.check(ViewInteraction.java:10)
            at androidx.test.espresso.ViewInteraction$2.call(ViewInteraction.java:11)
            at androidx.test.espresso.ViewInteraction$2.call(ViewInteraction.java:2)
            at java.util.concurrent.FutureTask.run(FutureTask.java:266)
            at android.os.Handler.handleCallback(Handler.java:938)
            at android.os.Handler.dispatchMessage(Handler.java:99)
            at android.os.Looper.loop(Looper.java:264)
            at android.app.ActivityThread.main(ActivityThread.java:8312)
            at java.lang.reflect.Method.invoke(Native Method)
            at com.android.internal.os.RuntimeInit$MethodAndArgsCaller.run(RuntimeInit.java:632)
            at com.android.internal.os.ZygoteInit.main(ZygoteInit.java:1049)
        </failure>
    </testcase>
    <testcase name="checkButtonClickMultiply" classname="net.yasik.sampleuitest.ExampleInstrumentedTest" time="2.38">
        <failure>androidx.test.espresso.base.DefaultFailureHandler$AssertionFailedWithCauseError: 'with text: is "21"' doesn't match the selected view.
            Expected: with text: is "21"
            Got: "MaterialTextView{id=2131231080, res-name=result, visibility=VISIBLE, width=1080, height=200, has-focus=false, has-focusable=false, has-window-focus=true, is-clickable=false, is-enabled=true, is-focused=false, is-focusable=false, is-layout-requested=false, is-selected=false, layout-params=android.widget.LinearLayout$LayoutParams&#64;144e2a5, tag=null, root-is-layout-requested=false, has-input-connection=false, x=0.0, y=150.0, text=12, input-type=0, ime-target=false, has-links=false}"

            at dalvik.system.VMStack.getThreadStackTrace(Native Method)
            at java.lang.Thread.getStackTrace(Thread.java:1736)
            at androidx.test.espresso.base.DefaultFailureHandler.getUserFriendlyError(DefaultFailureHandler.java:16)
            at androidx.test.espresso.base.DefaultFailureHandler.handle(DefaultFailureHandler.java:36)
            at androidx.test.espresso.ViewInteraction.waitForAndHandleInteractionResults(ViewInteraction.java:103)
            at androidx.test.espresso.ViewInteraction.check(ViewInteraction.java:31)
            at net.yasik.sampleuitest.ExampleInstrumentedTest.checkButtonClickFailed(ExampleInstrumentedTest.kt:36)
            at java.lang.reflect.Method.invoke(Native Method)
            at org.junit.runners.model.FrameworkMethod$1.runReflectiveCall(FrameworkMethod.java:50)
            at org.junit.internal.runners.model.ReflectiveCallable.run(ReflectiveCallable.java:12)
            at org.junit.runners.model.FrameworkMethod.invokeExplosively(FrameworkMethod.java:47)
            at org.junit.internal.runners.statements.InvokeMethod.evaluate(InvokeMethod.java:17)
            at org.junit.rules.ExternalResource$1.evaluate(ExternalResource.java:48)
            at org.junit.rules.RunRules.evaluate(RunRules.java:20)
            at org.junit.runners.ParentRunner.runLeaf(ParentRunner.java:325)
            at org.junit.runners.BlockJUnit4ClassRunner.runChild(BlockJUnit4ClassRunner.java:78)
            at org.junit.runners.BlockJUnit4ClassRunner.runChild(BlockJUnit4ClassRunner.java:57)
            at org.junit.runners.ParentRunner$3.run(ParentRunner.java:290)
            at org.junit.runners.ParentRunner$1.schedule(ParentRunner.java:71)
            at org.junit.runners.ParentRunner.runChildren(ParentRunner.java:288)
            at org.junit.runners.ParentRunner.access$000(ParentRunner.java:58)
            at org.junit.runners.ParentRunner$2.evaluate(ParentRunner.java:268)
            at org.junit.runners.ParentRunner.run(ParentRunner.java:363)
            at androidx.test.ext.junit.runners.AndroidJUnit4.run(AndroidJUnit4.java:154)
            at org.junit.runners.Suite.runChild(Suite.java:128)
            at org.junit.runners.Suite.runChild(Suite.java:27)
            at org.junit.runners.ParentRunner$3.run(ParentRunner.java:290)
            at org.junit.runners.ParentRunner$1.schedule(ParentRunner.java:71)
            at org.junit.runners.ParentRunner.runChildren(ParentRunner.java:288)
            at org.junit.runners.ParentRunner.access$000(ParentRunner.java:58)
            at org.junit.runners.ParentRunner$2.evaluate(ParentRunner.java:268)
            at org.junit.runners.ParentRunner.run(ParentRunner.java:363)
            at org.junit.runner.JUnitCore.run(JUnitCore.java:137)
            at org.junit.runner.JUnitCore.run(JUnitCore.java:115)
            at androidx.test.internal.runner.TestExecutor.execute(TestExecutor.java:56)
            at androidx.test.runner.AndroidJUnitRunner.onStart(AndroidJUnitRunner.java:395)
            at android.app.Instrumentation$InstrumentationThread.run(Instrumentation.java:2212)
            Caused by: junit.framework.AssertionFailedError: 'with text: is "21"' doesn't match the selected view.
            Expected: with text: is "21"
            Got: "MaterialTextView{id=2131231080, res-name=result, visibility=VISIBLE, width=1080, height=200, has-focus=false, has-focusable=false, has-window-focus=true, is-clickable=false, is-enabled=true, is-focused=false, is-focusable=false, is-layout-requested=false, is-selected=false, layout-params=android.widget.LinearLayout$LayoutParams&#64;144e2a5, tag=null, root-is-layout-requested=false, has-input-connection=false, x=0.0, y=150.0, text=12, input-type=0, ime-target=false, has-links=false}"

            at androidx.test.espresso.matcher.ViewMatchers.assertThat(ViewMatchers.java:17)
            at androidx.test.espresso.assertion.ViewAssertions$MatchesViewAssertion.check(ViewAssertions.java:15)
            at androidx.test.espresso.ViewInteraction$SingleExecutionViewAssertion.check(ViewInteraction.java:10)
            at androidx.test.espresso.ViewInteraction$2.call(ViewInteraction.java:11)
            at androidx.test.espresso.ViewInteraction$2.call(ViewInteraction.java:2)
            at java.util.concurrent.FutureTask.run(FutureTask.java:266)
            at android.os.Handler.handleCallback(Handler.java:938)
            at android.os.Handler.dispatchMessage(Handler.java:99)
            at android.os.Looper.loop(Looper.java:264)
            at android.app.ActivityThread.main(ActivityThread.java:8312)
            at java.lang.reflect.Method.invoke(Native Method)
            at com.android.internal.os.RuntimeInit$MethodAndArgsCaller.run(RuntimeInit.java:632)
            at com.android.internal.os.ZygoteInit.main(ZygoteInit.java:1049)
        </failure>
    </testcase>
</testsuite>